<?xml version="1.0" encoding="UTF-8"?>
<testsuite xmlns:xsi="http://www.w3.org/2001/XMLSchema-instance" xsi:noNamespaceSchemaLocation="https://maven.apache.org/surefire/maven-surefire-plugin/xsd/surefire-test-report-3.0.xsd" version="3.0" name="com.udacity.security.service.SecurityServiceTest" time="0.654" tests="19" errors="0" skipped="0" failures="0">
  <properties>
    <property name="java.specification.version" value="20"/>
    <property name="sun.jnu.encoding" value="UTF-8"/>
    <property name="java.class.path" value="/Users/krupeshanadkat/Documents/Courses/Java Programming Nanodegree/Course 3 - Java Application Deployment/udnd-java-programmer-project-3/security/target/test-classes:/Users/krupeshanadkat/.m2/repository/com/google/guava/failureaccess/1.0.1/failureaccess-1.0.1.jar:/Users/krupeshanadkat/.m2/repository/com/google/guava/listenablefuture/9999.0-empty-to-avoid-conflict-with-guava/listenablefuture-9999.0-empty-to-avoid-conflict-with-guava.jar:/Users/krupeshanadkat/.m2/repository/com/google/code/findbugs/jsr305/3.0.2/jsr305-3.0.2.jar:/Users/krupeshanadkat/.m2/repository/org/checkerframework/checker-qual/3.33.0/checker-qual-3.33.0.jar:/Users/krupeshanadkat/.m2/repository/com/google/errorprone/error_prone_annotations/2.18.0/error_prone_annotations-2.18.0.jar:/Users/krupeshanadkat/.m2/repository/com/google/j2objc/j2objc-annotations/2.8/j2objc-annotations-2.8.jar:/Users/krupeshanadkat/.m2/repository/org/mockito/mockito-junit-jupiter/5.5.0/mockito-junit-jupiter-5.5.0.jar:/Users/krupeshanadkat/.m2/repository/org/mockito/mockito-core/5.5.0/mockito-core-5.5.0.jar:/Users/krupeshanadkat/.m2/repository/net/bytebuddy/byte-buddy/1.14.6/byte-buddy-1.14.6.jar:/Users/krupeshanadkat/.m2/repository/net/bytebuddy/byte-buddy-agent/1.14.6/byte-buddy-agent-1.14.6.jar:/Users/krupeshanadkat/.m2/repository/org/objenesis/objenesis/3.3/objenesis-3.3.jar:/Users/krupeshanadkat/.m2/repository/org/junit/jupiter/junit-jupiter-params/5.10.0/junit-jupiter-params-5.10.0.jar:/Users/krupeshanadkat/.m2/repository/org/apiguardian/apiguardian-api/1.1.2/apiguardian-api-1.1.2.jar:/Users/krupeshanadkat/.m2/repository/org/junit/jupiter/junit-jupiter-api/5.10.0/junit-jupiter-api-5.10.0.jar:/Users/krupeshanadkat/.m2/repository/org/opentest4j/opentest4j/1.3.0/opentest4j-1.3.0.jar:/Users/krupeshanadkat/.m2/repository/org/junit/platform/junit-platform-commons/1.10.0/junit-platform-commons-1.10.0.jar:/Users/krupeshanadkat/.m2/repository/org/junit/jupiter/junit-jupiter-engine/5.10.0/junit-jupiter-engine-5.10.0.jar:/Users/krupeshanadkat/.m2/repository/org/junit/platform/junit-platform-engine/1.10.0/junit-platform-engine-1.10.0.jar:/Users/krupeshanadkat/.m2/repository/software/amazon/awssdk/annotations/2.20.143/annotations-2.20.143.jar:/Users/krupeshanadkat/.m2/repository/software/amazon/awssdk/utils/2.20.143/utils-2.20.143.jar:/Users/krupeshanadkat/.m2/repository/org/reactivestreams/reactive-streams/1.0.4/reactive-streams-1.0.4.jar:/Users/krupeshanadkat/.m2/repository/software/amazon/awssdk/profiles/2.20.143/profiles-2.20.143.jar:/Users/krupeshanadkat/.m2/repository/software/amazon/awssdk/http-client-spi/2.20.143/http-client-spi-2.20.143.jar:/Users/krupeshanadkat/.m2/repository/software/amazon/awssdk/json-utils/2.20.143/json-utils-2.20.143.jar:/Users/krupeshanadkat/.m2/repository/software/amazon/awssdk/third-party-jackson-core/2.20.143/third-party-jackson-core-2.20.143.jar:/Users/krupeshanadkat/.m2/repository/software/amazon/eventstream/eventstream/1.0.1/eventstream-1.0.1.jar:/Users/krupeshanadkat/.m2/repository/software/amazon/awssdk/aws-json-protocol/2.20.143/aws-json-protocol-2.20.143.jar:/Users/krupeshanadkat/.m2/repository/software/amazon/awssdk/protocol-core/2.20.143/protocol-core-2.20.143.jar:/Users/krupeshanadkat/.m2/repository/software/amazon/awssdk/aws-core/2.20.143/aws-core-2.20.143.jar:/Users/krupeshanadkat/.m2/repository/software/amazon/awssdk/metrics-spi/2.20.143/metrics-spi-2.20.143.jar:/Users/krupeshanadkat/.m2/repository/software/amazon/awssdk/endpoints-spi/2.20.143/endpoints-spi-2.20.143.jar:/Users/krupeshanadkat/.m2/repository/software/amazon/awssdk/apache-client/2.20.143/apache-client-2.20.143.jar:/Users/krupeshanadkat/.m2/repository/org/apache/httpcomponents/httpclient/4.5.13/httpclient-4.5.13.jar:/Users/krupeshanadkat/.m2/repository/commons-logging/commons-logging/1.2/commons-logging-1.2.jar:/Users/krupeshanadkat/.m2/repository/org/apache/httpcomponents/httpcore/4.4.13/httpcore-4.4.13.jar:/Users/krupeshanadkat/.m2/repository/commons-codec/commons-codec/1.15/commons-codec-1.15.jar:/Users/krupeshanadkat/.m2/repository/software/amazon/awssdk/netty-nio-client/2.20.143/netty-nio-client-2.20.143.jar:/Users/krupeshanadkat/.m2/repository/io/netty/netty-codec-http/4.1.94.Final/netty-codec-http-4.1.94.Final.jar:/Users/krupeshanadkat/.m2/repository/io/netty/netty-codec-http2/4.1.94.Final/netty-codec-http2-4.1.94.Final.jar:/Users/krupeshanadkat/.m2/repository/io/netty/netty-codec/4.1.94.Final/netty-codec-4.1.94.Final.jar:/Users/krupeshanadkat/.m2/repository/io/netty/netty-transport/4.1.94.Final/netty-transport-4.1.94.Final.jar:/Users/krupeshanadkat/.m2/repository/io/netty/netty-common/4.1.94.Final/netty-common-4.1.94.Final.jar:/Users/krupeshanadkat/.m2/repository/io/netty/netty-buffer/4.1.94.Final/netty-buffer-4.1.94.Final.jar:/Users/krupeshanadkat/.m2/repository/io/netty/netty-handler/4.1.94.Final/netty-handler-4.1.94.Final.jar:/Users/krupeshanadkat/.m2/repository/io/netty/netty-transport-native-unix-common/4.1.94.Final/netty-transport-native-unix-common-4.1.94.Final.jar:/Users/krupeshanadkat/.m2/repository/io/netty/netty-transport-classes-epoll/4.1.94.Final/netty-transport-classes-epoll-4.1.94.Final.jar:/Users/krupeshanadkat/.m2/repository/io/netty/netty-resolver/4.1.94.Final/netty-resolver-4.1.94.Final.jar:"/>
    <property name="java.vm.vendor" value="Oracle Corporation"/>
    <property name="sun.arch.data.model" value="64"/>
    <property name="java.vendor.url" value="https://java.oracle.com/"/>
    <property name="user.timezone" value="Asia/Kolkata"/>
    <property name="os.name" value="Mac OS X"/>
    <property name="java.vm.specification.version" value="20"/>
    <property name="sun.java.launcher" value="SUN_STANDARD"/>
    <property name="user.country" value="IN"/>
    <property name="sun.boot.library.path" value="/Library/Java/JavaVirtualMachines/jdk-20.jdk/Contents/Home/lib"/>
    <property name="sun.java.command" value="org.apache.maven.surefire.booter.ForkedBooter /Users/krupeshanadkat/Documents/Courses/Java Programming Nanodegree/Course 3 - Java Application Deployment/udnd-java-programmer-project-3/security/target/surefire 2023-09-10T10-01-50_350-jvmRun1 surefire-20230910100153520_1tmp surefire_0-20230910100153520_2tmp"/>
    <property name="http.nonProxyHosts" value="local|*.local|169.254/16|*.169.254/16"/>
    <property name="jdk.debug" value="release"/>
    <property name="surefire.test.class.path" value="/Users/krupeshanadkat/Documents/Courses/Java Programming Nanodegree/Course 3 - Java Application Deployment/udnd-java-programmer-project-3/security/target/test-classes:/Users/krupeshanadkat/.m2/repository/com/google/guava/failureaccess/1.0.1/failureaccess-1.0.1.jar:/Users/krupeshanadkat/.m2/repository/com/google/guava/listenablefuture/9999.0-empty-to-avoid-conflict-with-guava/listenablefuture-9999.0-empty-to-avoid-conflict-with-guava.jar:/Users/krupeshanadkat/.m2/repository/com/google/code/findbugs/jsr305/3.0.2/jsr305-3.0.2.jar:/Users/krupeshanadkat/.m2/repository/org/checkerframework/checker-qual/3.33.0/checker-qual-3.33.0.jar:/Users/krupeshanadkat/.m2/repository/com/google/errorprone/error_prone_annotations/2.18.0/error_prone_annotations-2.18.0.jar:/Users/krupeshanadkat/.m2/repository/com/google/j2objc/j2objc-annotations/2.8/j2objc-annotations-2.8.jar:/Users/krupeshanadkat/.m2/repository/org/mockito/mockito-junit-jupiter/5.5.0/mockito-junit-jupiter-5.5.0.jar:/Users/krupeshanadkat/.m2/repository/org/mockito/mockito-core/5.5.0/mockito-core-5.5.0.jar:/Users/krupeshanadkat/.m2/repository/net/bytebuddy/byte-buddy/1.14.6/byte-buddy-1.14.6.jar:/Users/krupeshanadkat/.m2/repository/net/bytebuddy/byte-buddy-agent/1.14.6/byte-buddy-agent-1.14.6.jar:/Users/krupeshanadkat/.m2/repository/org/objenesis/objenesis/3.3/objenesis-3.3.jar:/Users/krupeshanadkat/.m2/repository/org/junit/jupiter/junit-jupiter-params/5.10.0/junit-jupiter-params-5.10.0.jar:/Users/krupeshanadkat/.m2/repository/org/apiguardian/apiguardian-api/1.1.2/apiguardian-api-1.1.2.jar:/Users/krupeshanadkat/.m2/repository/org/junit/jupiter/junit-jupiter-api/5.10.0/junit-jupiter-api-5.10.0.jar:/Users/krupeshanadkat/.m2/repository/org/opentest4j/opentest4j/1.3.0/opentest4j-1.3.0.jar:/Users/krupeshanadkat/.m2/repository/org/junit/platform/junit-platform-commons/1.10.0/junit-platform-commons-1.10.0.jar:/Users/krupeshanadkat/.m2/repository/org/junit/jupiter/junit-jupiter-engine/5.10.0/junit-jupiter-engine-5.10.0.jar:/Users/krupeshanadkat/.m2/repository/org/junit/platform/junit-platform-engine/1.10.0/junit-platform-engine-1.10.0.jar:/Users/krupeshanadkat/.m2/repository/software/amazon/awssdk/annotations/2.20.143/annotations-2.20.143.jar:/Users/krupeshanadkat/.m2/repository/software/amazon/awssdk/utils/2.20.143/utils-2.20.143.jar:/Users/krupeshanadkat/.m2/repository/org/reactivestreams/reactive-streams/1.0.4/reactive-streams-1.0.4.jar:/Users/krupeshanadkat/.m2/repository/software/amazon/awssdk/profiles/2.20.143/profiles-2.20.143.jar:/Users/krupeshanadkat/.m2/repository/software/amazon/awssdk/http-client-spi/2.20.143/http-client-spi-2.20.143.jar:/Users/krupeshanadkat/.m2/repository/software/amazon/awssdk/json-utils/2.20.143/json-utils-2.20.143.jar:/Users/krupeshanadkat/.m2/repository/software/amazon/awssdk/third-party-jackson-core/2.20.143/third-party-jackson-core-2.20.143.jar:/Users/krupeshanadkat/.m2/repository/software/amazon/eventstream/eventstream/1.0.1/eventstream-1.0.1.jar:/Users/krupeshanadkat/.m2/repository/software/amazon/awssdk/aws-json-protocol/2.20.143/aws-json-protocol-2.20.143.jar:/Users/krupeshanadkat/.m2/repository/software/amazon/awssdk/protocol-core/2.20.143/protocol-core-2.20.143.jar:/Users/krupeshanadkat/.m2/repository/software/amazon/awssdk/aws-core/2.20.143/aws-core-2.20.143.jar:/Users/krupeshanadkat/.m2/repository/software/amazon/awssdk/metrics-spi/2.20.143/metrics-spi-2.20.143.jar:/Users/krupeshanadkat/.m2/repository/software/amazon/awssdk/endpoints-spi/2.20.143/endpoints-spi-2.20.143.jar:/Users/krupeshanadkat/.m2/repository/software/amazon/awssdk/apache-client/2.20.143/apache-client-2.20.143.jar:/Users/krupeshanadkat/.m2/repository/org/apache/httpcomponents/httpclient/4.5.13/httpclient-4.5.13.jar:/Users/krupeshanadkat/.m2/repository/commons-logging/commons-logging/1.2/commons-logging-1.2.jar:/Users/krupeshanadkat/.m2/repository/org/apache/httpcomponents/httpcore/4.4.13/httpcore-4.4.13.jar:/Users/krupeshanadkat/.m2/repository/commons-codec/commons-codec/1.15/commons-codec-1.15.jar:/Users/krupeshanadkat/.m2/repository/software/amazon/awssdk/netty-nio-client/2.20.143/netty-nio-client-2.20.143.jar:/Users/krupeshanadkat/.m2/repository/io/netty/netty-codec-http/4.1.94.Final/netty-codec-http-4.1.94.Final.jar:/Users/krupeshanadkat/.m2/repository/io/netty/netty-codec-http2/4.1.94.Final/netty-codec-http2-4.1.94.Final.jar:/Users/krupeshanadkat/.m2/repository/io/netty/netty-codec/4.1.94.Final/netty-codec-4.1.94.Final.jar:/Users/krupeshanadkat/.m2/repository/io/netty/netty-transport/4.1.94.Final/netty-transport-4.1.94.Final.jar:/Users/krupeshanadkat/.m2/repository/io/netty/netty-common/4.1.94.Final/netty-common-4.1.94.Final.jar:/Users/krupeshanadkat/.m2/repository/io/netty/netty-buffer/4.1.94.Final/netty-buffer-4.1.94.Final.jar:/Users/krupeshanadkat/.m2/repository/io/netty/netty-handler/4.1.94.Final/netty-handler-4.1.94.Final.jar:/Users/krupeshanadkat/.m2/repository/io/netty/netty-transport-native-unix-common/4.1.94.Final/netty-transport-native-unix-common-4.1.94.Final.jar:/Users/krupeshanadkat/.m2/repository/io/netty/netty-transport-classes-epoll/4.1.94.Final/netty-transport-classes-epoll-4.1.94.Final.jar:/Users/krupeshanadkat/.m2/repository/io/netty/netty-resolver/4.1.94.Final/netty-resolver-4.1.94.Final.jar:"/>
    <property name="sun.cpu.endian" value="little"/>
    <property name="user.home" value="/Users/krupeshanadkat"/>
    <property name="user.language" value="en"/>
    <property name="java.specification.vendor" value="Oracle Corporation"/>
    <property name="jdk.module.path" value="/Users/krupeshanadkat/Documents/Courses/Java Programming Nanodegree/Course 3 - Java Application Deployment/udnd-java-programmer-project-3/security/target/classes:/Users/krupeshanadkat/.m2/repository/com/google/code/gson/gson/2.10.1/gson-2.10.1.jar:/Users/krupeshanadkat/.m2/repository/com/google/guava/guava/32.1.2-jre/guava-32.1.2-jre.jar:/Users/krupeshanadkat/.m2/repository/com/miglayout/miglayout/3.7.4/miglayout-3.7.4.jar:/Users/krupeshanadkat/Documents/Courses/Java Programming Nanodegree/Course 3 - Java Application Deployment/udnd-java-programmer-project-3/image/target/image-1.0-SNAPSHOT.jar:/Users/krupeshanadkat/.m2/repository/software/amazon/awssdk/auth/2.20.143/auth-2.20.143.jar:/Users/krupeshanadkat/.m2/repository/software/amazon/awssdk/sdk-core/2.20.143/sdk-core-2.20.143.jar:/Users/krupeshanadkat/.m2/repository/software/amazon/awssdk/regions/2.20.143/regions-2.20.143.jar:/Users/krupeshanadkat/.m2/repository/org/slf4j/slf4j-api/1.7.30/slf4j-api-1.7.30.jar:/Users/krupeshanadkat/.m2/repository/software/amazon/awssdk/rekognition/2.20.143/rekognition-2.20.143.jar"/>
    <property name="java.version.date" value="2023-07-18"/>
    <property name="java.home" value="/Library/Java/JavaVirtualMachines/jdk-20.jdk/Contents/Home"/>
    <property name="file.separator" value="/"/>
    <property name="basedir" value="/Users/krupeshanadkat/Documents/Courses/Java Programming Nanodegree/Course 3 - Java Application Deployment/udnd-java-programmer-project-3/security"/>
    <property name="java.vm.compressedOopsMode" value="Zero based"/>
    <property name="line.separator" value="&#10;"/>
    <property name="java.vm.specification.vendor" value="Oracle Corporation"/>
    <property name="java.specification.name" value="Java Platform API Specification"/>
    <property name="apple.awt.application.name" value="ForkedBooter"/>
    <property name="surefire.real.class.path" value="/Users/krupeshanadkat/.m2/repository/org/apache/maven/surefire/surefire-booter/3.0.0/surefire-booter-3.0.0.jar:/Users/krupeshanadkat/.m2/repository/org/apache/maven/surefire/surefire-api/3.0.0/surefire-api-3.0.0.jar:/Users/krupeshanadkat/.m2/repository/org/apache/maven/surefire/surefire-extensions-spi/3.0.0/surefire-extensions-spi-3.0.0.jar:/Users/krupeshanadkat/.m2/repository/org/apache/maven/surefire/surefire-logger-api/3.0.0/surefire-logger-api-3.0.0.jar:/Users/krupeshanadkat/.m2/repository/org/apache/maven/surefire/surefire-shared-utils/3.0.0/surefire-shared-utils-3.0.0.jar:/Users/krupeshanadkat/Documents/Courses/Java Programming Nanodegree/Course 3 - Java Application Deployment/udnd-java-programmer-project-3/security/target/test-classes:/Users/krupeshanadkat/.m2/repository/com/google/guava/failureaccess/1.0.1/failureaccess-1.0.1.jar:/Users/krupeshanadkat/.m2/repository/com/google/guava/listenablefuture/9999.0-empty-to-avoid-conflict-with-guava/listenablefuture-9999.0-empty-to-avoid-conflict-with-guava.jar:/Users/krupeshanadkat/.m2/repository/com/google/code/findbugs/jsr305/3.0.2/jsr305-3.0.2.jar:/Users/krupeshanadkat/.m2/repository/org/checkerframework/checker-qual/3.33.0/checker-qual-3.33.0.jar:/Users/krupeshanadkat/.m2/repository/com/google/errorprone/error_prone_annotations/2.18.0/error_prone_annotations-2.18.0.jar:/Users/krupeshanadkat/.m2/repository/com/google/j2objc/j2objc-annotations/2.8/j2objc-annotations-2.8.jar:/Users/krupeshanadkat/.m2/repository/org/mockito/mockito-junit-jupiter/5.5.0/mockito-junit-jupiter-5.5.0.jar:/Users/krupeshanadkat/.m2/repository/org/mockito/mockito-core/5.5.0/mockito-core-5.5.0.jar:/Users/krupeshanadkat/.m2/repository/net/bytebuddy/byte-buddy/1.14.6/byte-buddy-1.14.6.jar:/Users/krupeshanadkat/.m2/repository/net/bytebuddy/byte-buddy-agent/1.14.6/byte-buddy-agent-1.14.6.jar:/Users/krupeshanadkat/.m2/repository/org/objenesis/objenesis/3.3/objenesis-3.3.jar:/Users/krupeshanadkat/.m2/repository/org/junit/jupiter/junit-jupiter-params/5.10.0/junit-jupiter-params-5.10.0.jar:/Users/krupeshanadkat/.m2/repository/org/apiguardian/apiguardian-api/1.1.2/apiguardian-api-1.1.2.jar:/Users/krupeshanadkat/.m2/repository/org/junit/jupiter/junit-jupiter-api/5.10.0/junit-jupiter-api-5.10.0.jar:/Users/krupeshanadkat/.m2/repository/org/opentest4j/opentest4j/1.3.0/opentest4j-1.3.0.jar:/Users/krupeshanadkat/.m2/repository/org/junit/platform/junit-platform-commons/1.10.0/junit-platform-commons-1.10.0.jar:/Users/krupeshanadkat/.m2/repository/org/junit/jupiter/junit-jupiter-engine/5.10.0/junit-jupiter-engine-5.10.0.jar:/Users/krupeshanadkat/.m2/repository/org/junit/platform/junit-platform-engine/1.10.0/junit-platform-engine-1.10.0.jar:/Users/krupeshanadkat/.m2/repository/software/amazon/awssdk/annotations/2.20.143/annotations-2.20.143.jar:/Users/krupeshanadkat/.m2/repository/software/amazon/awssdk/utils/2.20.143/utils-2.20.143.jar:/Users/krupeshanadkat/.m2/repository/org/reactivestreams/reactive-streams/1.0.4/reactive-streams-1.0.4.jar:/Users/krupeshanadkat/.m2/repository/software/amazon/awssdk/profiles/2.20.143/profiles-2.20.143.jar:/Users/krupeshanadkat/.m2/repository/software/amazon/awssdk/http-client-spi/2.20.143/http-client-spi-2.20.143.jar:/Users/krupeshanadkat/.m2/repository/software/amazon/awssdk/json-utils/2.20.143/json-utils-2.20.143.jar:/Users/krupeshanadkat/.m2/repository/software/amazon/awssdk/third-party-jackson-core/2.20.143/third-party-jackson-core-2.20.143.jar:/Users/krupeshanadkat/.m2/repository/software/amazon/eventstream/eventstream/1.0.1/eventstream-1.0.1.jar:/Users/krupeshanadkat/.m2/repository/software/amazon/awssdk/aws-json-protocol/2.20.143/aws-json-protocol-2.20.143.jar:/Users/krupeshanadkat/.m2/repository/software/amazon/awssdk/protocol-core/2.20.143/protocol-core-2.20.143.jar:/Users/krupeshanadkat/.m2/repository/software/amazon/awssdk/aws-core/2.20.143/aws-core-2.20.143.jar:/Users/krupeshanadkat/.m2/repository/software/amazon/awssdk/metrics-spi/2.20.143/metrics-spi-2.20.143.jar:/Users/krupeshanadkat/.m2/repository/software/amazon/awssdk/endpoints-spi/2.20.143/endpoints-spi-2.20.143.jar:/Users/krupeshanadkat/.m2/repository/software/amazon/awssdk/apache-client/2.20.143/apache-client-2.20.143.jar:/Users/krupeshanadkat/.m2/repository/org/apache/httpcomponents/httpclient/4.5.13/httpclient-4.5.13.jar:/Users/krupeshanadkat/.m2/repository/commons-logging/commons-logging/1.2/commons-logging-1.2.jar:/Users/krupeshanadkat/.m2/repository/org/apache/httpcomponents/httpcore/4.4.13/httpcore-4.4.13.jar:/Users/krupeshanadkat/.m2/repository/commons-codec/commons-codec/1.15/commons-codec-1.15.jar:/Users/krupeshanadkat/.m2/repository/software/amazon/awssdk/netty-nio-client/2.20.143/netty-nio-client-2.20.143.jar:/Users/krupeshanadkat/.m2/repository/io/netty/netty-codec-http/4.1.94.Final/netty-codec-http-4.1.94.Final.jar:/Users/krupeshanadkat/.m2/repository/io/netty/netty-codec-http2/4.1.94.Final/netty-codec-http2-4.1.94.Final.jar:/Users/krupeshanadkat/.m2/repository/io/netty/netty-codec/4.1.94.Final/netty-codec-4.1.94.Final.jar:/Users/krupeshanadkat/.m2/repository/io/netty/netty-transport/4.1.94.Final/netty-transport-4.1.94.Final.jar:/Users/krupeshanadkat/.m2/repository/io/netty/netty-common/4.1.94.Final/netty-common-4.1.94.Final.jar:/Users/krupeshanadkat/.m2/repository/io/netty/netty-buffer/4.1.94.Final/netty-buffer-4.1.94.Final.jar:/Users/krupeshanadkat/.m2/repository/io/netty/netty-handler/4.1.94.Final/netty-handler-4.1.94.Final.jar:/Users/krupeshanadkat/.m2/repository/io/netty/netty-transport-native-unix-common/4.1.94.Final/netty-transport-native-unix-common-4.1.94.Final.jar:/Users/krupeshanadkat/.m2/repository/io/netty/netty-transport-classes-epoll/4.1.94.Final/netty-transport-classes-epoll-4.1.94.Final.jar:/Users/krupeshanadkat/.m2/repository/io/netty/netty-resolver/4.1.94.Final/netty-resolver-4.1.94.Final.jar:/Users/krupeshanadkat/.m2/repository/org/apache/maven/surefire/surefire-junit-platform/3.0.0/surefire-junit-platform-3.0.0.jar:/Users/krupeshanadkat/.m2/repository/org/apache/maven/surefire/common-java5/3.0.0/common-java5-3.0.0.jar:/Users/krupeshanadkat/.m2/repository/org/junit/platform/junit-platform-launcher/1.10.0/junit-platform-launcher-1.10.0.jar"/>
    <property name="sun.management.compiler" value="HotSpot 64-Bit Tiered Compilers"/>
    <property name="ftp.nonProxyHosts" value="local|*.local|169.254/16|*.169.254/16"/>
    <property name="java.runtime.version" value="20.0.2+9-78"/>
    <property name="user.name" value="krupeshanadkat"/>
    <property name="stdout.encoding" value="UTF-8"/>
    <property name="path.separator" value=":"/>
    <property name="os.version" value="13.4.1"/>
    <property name="java.runtime.name" value="Java(TM) SE Runtime Environment"/>
    <property name="file.encoding" value="UTF-8"/>
    <property name="java.vm.name" value="Java HotSpot(TM) 64-Bit Server VM"/>
    <property name="localRepository" value="/Users/krupeshanadkat/.m2/repository"/>
    <property name="java.vendor.url.bug" value="https://bugreport.java.com/bugreport/"/>
    <property name="java.io.tmpdir" value="/var/folders/25/1r5_lhqd6fv4sb9pgpfpzfb40000gn/T/"/>
    <property name="java.version" value="20.0.2"/>
    <property name="user.dir" value="/Users/krupeshanadkat/Documents/Courses/Java Programming Nanodegree/Course 3 - Java Application Deployment/udnd-java-programmer-project-3/security"/>
    <property name="os.arch" value="aarch64"/>
    <property name="java.vm.specification.name" value="Java Virtual Machine Specification"/>
    <property name="native.encoding" value="UTF-8"/>
    <property name="java.library.path" value="/Users/krupeshanadkat/Library/Java/Extensions:/Library/Java/Extensions:/Network/Library/Java/Extensions:/System/Library/Java/Extensions:/usr/lib/java:."/>
    <property name="java.vm.info" value="mixed mode"/>
    <property name="stderr.encoding" value="UTF-8"/>
    <property name="java.vendor" value="Oracle Corporation"/>
    <property name="java.vm.version" value="20.0.2+9-78"/>
    <property name="sun.io.unicode.encoding" value="UnicodeBig"/>
    <property name="socksNonProxyHosts" value="local|*.local|169.254/16|*.169.254/16"/>
    <property name="java.class.version" value="64.0"/>
  </properties>
  <testcase name="pendingStatusSensor1Active_ActivateSensor2_checkAlarmStatus" classname="com.udacity.security.service.SecurityServiceTest" time="0.523"/>
  <testcase name="catImageScanned_armedHome_checkAlarmStatus" classname="com.udacity.security.service.SecurityServiceTest" time="0.049"/>
  <testcase name="addListener_removeListener" classname="com.udacity.security.service.SecurityServiceTest" time="0.002"/>
  <testcase name="alarmArmed_activateFirstSensor_checkPendingStatus(ArmingStatus)[1]" classname="com.udacity.security.service.SecurityServiceTest" time="0.01"/>
  <testcase name="alarmArmed_activateFirstSensor_checkPendingStatus(ArmingStatus)[2]" classname="com.udacity.security.service.SecurityServiceTest" time="0.002"/>
  <testcase name="pendingStatus_deactivateSensor_checkNoAlarmStatus" classname="com.udacity.security.service.SecurityServiceTest" time="0.001"/>
  <testcase name="alarmStatus_deactivateSensors_checkAlarmStatus" classname="com.udacity.security.service.SecurityServiceTest" time="0.002"/>
  <testcase name="anyAlarmStatus_disArmSystem_checkNoAlarmStatus" classname="com.udacity.security.service.SecurityServiceTest" time="0.001"/>
  <testcase name="alarmArmed_activateSecondSensor_checkAlarmStatus(ArmingStatus)[1]" classname="com.udacity.security.service.SecurityServiceTest" time="0.002"/>
  <testcase name="alarmArmed_activateSecondSensor_checkAlarmStatus(ArmingStatus)[2]" classname="com.udacity.security.service.SecurityServiceTest" time="0.002"/>
  <testcase name="Sensor1Inactive_DeactivateSensor1_alarmStatusNoChange(AlarmStatus)[1]" classname="com.udacity.security.service.SecurityServiceTest" time="0.002"/>
  <testcase name="Sensor1Inactive_DeactivateSensor1_alarmStatusNoChange(AlarmStatus)[2]" classname="com.udacity.security.service.SecurityServiceTest" time="0.001"/>
  <testcase name="Sensor1Inactive_DeactivateSensor1_alarmStatusNoChange(AlarmStatus)[3]" classname="com.udacity.security.service.SecurityServiceTest" time="0.002"/>
  <testcase name="sensorsActive_armSystem_checkSensorsInactive(ArmingStatus)[1]" classname="com.udacity.security.service.SecurityServiceTest" time="0.002"/>
  <testcase name="sensorsActive_armSystem_checkSensorsInactive(ArmingStatus)[2]" classname="com.udacity.security.service.SecurityServiceTest" time="0.002"/>
  <testcase name="inactiveSensors_scanNoCatImage_checkNoAlarmStatus" classname="com.udacity.security.service.SecurityServiceTest" time="0.001"/>
  <testcase name="alarmStatus_deactivateSensor_checkPendingAlarm" classname="com.udacity.security.service.SecurityServiceTest" time="0.001"/>
  <testcase name="addSensor_removeSensor" classname="com.udacity.security.service.SecurityServiceTest" time="0.001"/>
  <testcase name="armedHome_scanCatImage_checkAlarmStatus" classname="com.udacity.security.service.SecurityServiceTest" time="0.002"/>
</testsuite>